============================= test session starts =============================
platform win32 -- Python 3.13.3, pytest-9.0.2, pluggy-1.6.0 -- C:\Users\tjwn1\Desktop\mercury_v2_proto\mercury_v2_backend\.venv\Scripts\python.exe
cachedir: .pytest_cache
rootdir: C:\Users\tjwn1\Desktop\mercury_v2_proto\mercury_v2_backend
configfile: pytest.ini
plugins: anyio-4.12.1, asyncio-1.3.0
asyncio: mode=Mode.AUTO, debug=False, asyncio_default_fixture_loop_scope=function, asyncio_default_test_loop_scope=function
collecting ... collected 2 items

tests/api/v1/test_design_brief.py::test_create_and_get_design_brief_chat ERROR [ 50%]
tests/api/v1/test_design_brief.py::test_sync_brief_chat_to_canvas ERROR  [100%]

=================================== ERRORS ====================================
___________ ERROR at setup of test_create_and_get_design_brief_chat ___________
file C:\Users\tjwn1\Desktop\mercury_v2_proto\mercury_v2_backend\tests\api\v1\test_design_brief.py, line 8
  @pytest.mark.asyncio
  async def test_create_and_get_design_brief_chat(
      client: AsyncClient,
      db_session: AsyncSession,
      test_user_token_headers: dict,
      test_user: User
  ):
      # 1. Create a chat session first
      response = await client.post(
          "/api/v1/chat/sessions",
          headers=test_user_token_headers,
          json={"title": "Test Session"}
      )
      assert response.status_code == 201
      session_id = response.json()["data"]["id"]

      # 2. Get Brief (should be 404 initially)
      response = await client.get(
          f"/api/v1/chat/sessions/{session_id}/brief",
          headers=test_user_token_headers
      )
      assert response.status_code == 404

      # 3. Create/Upsert Brief
      brief_data = {
          "concept_info": {"theme": "Test Theme"},
          "shoe_spec": {"category": "Running"},
          "marketing_context": {"season": "2024 SS"}
      }
      response = await client.put(
          f"/api/v1/chat/sessions/{session_id}/brief",
          headers=test_user_token_headers,
          json=brief_data
      )
      assert response.status_code == 200
      data = response.json()["data"]
      assert data["concept_info"]["theme"] == "Test Theme"
      assert data["chat_session_id"] == session_id

      # 4. Get Brief again (should be 200)
      response = await client.get(
          f"/api/v1/chat/sessions/{session_id}/brief",
          headers=test_user_token_headers
      )
      assert response.status_code == 200
      assert response.json()["data"]["concept_info"]["theme"] == "Test Theme"
E       fixture 'db_session' not found
>       available fixtures: _class_scoped_runner, _function_scoped_runner, _module_scoped_runner, _package_scoped_runner, _session_scoped_runner, anyio_backend, anyio_backend_name, anyio_backend_options, auth_headers, cache, capfd, capfdbinary, caplog, capsys, capsysbinary, capteesys, client, doctest_namespace, event_loop_policy, free_tcp_port, free_tcp_port_factory, free_udp_port, free_udp_port_factory, monkeypatch, pytestconfig, record_property, record_testsuite_property, record_xml_attribute, recwarn, subtests, test_db, tmp_path, tmp_path_factory, tmpdir, tmpdir_factory, unused_tcp_port, unused_tcp_port_factory, unused_udp_port, unused_udp_port_factory
>       use 'pytest --fixtures [testpath]' for help on them.

C:\Users\tjwn1\Desktop\mercury_v2_proto\mercury_v2_backend\tests\api\v1\test_design_brief.py:8
______________ ERROR at setup of test_sync_brief_chat_to_canvas _______________
file C:\Users\tjwn1\Desktop\mercury_v2_proto\mercury_v2_backend\tests\api\v1\test_design_brief.py, line 55
  @pytest.mark.asyncio
  async def test_sync_brief_chat_to_canvas(
      client: AsyncClient,
      db_session: AsyncSession,
      test_user_token_headers: dict,
      test_user: User
  ):
      # 1. Create Chat Session and Brief
      chat_resp = await client.post(
          "/api/v1/chat/sessions",
          headers=test_user_token_headers,
          json={"title": "Source Chat"}
      )
      chat_id = chat_resp.json()["data"]["id"]

      await client.put(
          f"/api/v1/chat/sessions/{chat_id}/brief",
          headers=test_user_token_headers,
          json={
              "concept_info": {"theme": "Source Theme"},
              "shoe_spec": {"category": "Source Category"}
          }
      )

      # 2. Create Canvas Project
      canvas_resp = await client.post(
          "/api/v1/canvas/instances",
          headers=test_user_token_headers,
          json={"name": "Target Canvas"}
      )
      assert canvas_resp.status_code == 201
      canvas_id = canvas_resp.json()["data"]["id"]

      # 3. Sync
      response = await client.post(
          f"/api/v1/canvas/projects/{canvas_id}/brief/sync",
          headers=test_user_token_headers,
          json={"source_chat_session_id": chat_id}
      )
      assert response.status_code == 200
      data = response.json()["data"]
      assert data["concept_info"]["theme"] == "Source Theme"
      assert data["canvas_project_id"] == canvas_id

      # Verify Canvas Brief persistence
      get_resp = await client.get(
          f"/api/v1/canvas/projects/{canvas_id}/brief",
          headers=test_user_token_headers
      )
      assert get_resp.status_code == 200
      assert get_resp.json()["data"]["concept_info"]["theme"] == "Source Theme"
E       fixture 'db_session' not found
>       available fixtures: _class_scoped_runner, _function_scoped_runner, _module_scoped_runner, _package_scoped_runner, _session_scoped_runner, anyio_backend, anyio_backend_name, anyio_backend_options, auth_headers, cache, capfd, capfdbinary, caplog, capsys, capsysbinary, capteesys, client, doctest_namespace, event_loop_policy, free_tcp_port, free_tcp_port_factory, free_udp_port, free_udp_port_factory, monkeypatch, pytestconfig, record_property, record_testsuite_property, record_xml_attribute, recwarn, subtests, test_db, tmp_path, tmp_path_factory, tmpdir, tmpdir_factory, unused_tcp_port, unused_tcp_port_factory, unused_udp_port, unused_udp_port_factory
>       use 'pytest --fixtures [testpath]' for help on them.

C:\Users\tjwn1\Desktop\mercury_v2_proto\mercury_v2_backend\tests\api\v1\test_design_brief.py:55
============================== warnings summary ===============================
app\core\config.py:5
  C:\Users\tjwn1\Desktop\mercury_v2_proto\mercury_v2_backend\app\core\config.py:5: PydanticDeprecatedSince20: Support for class-based `config` is deprecated, use ConfigDict instead. Deprecated in Pydantic V2.0 to be removed in V3.0. See Pydantic V2 Migration Guide at https://errors.pydantic.dev/2.12/migration/
    class Settings(BaseSettings):

app\schemas\pagination.py:4
  C:\Users\tjwn1\Desktop\mercury_v2_proto\mercury_v2_backend\app\schemas\pagination.py:4: PydanticDeprecatedSince20: Support for class-based `config` is deprecated, use ConfigDict instead. Deprecated in Pydantic V2.0 to be removed in V3.0. See Pydantic V2 Migration Guide at https://errors.pydantic.dev/2.12/migration/
    class PaginationParams(BaseModel):

-- Docs: https://docs.pytest.org/en/stable/how-to/capture-warnings.html
=========================== short test summary info ===========================
ERROR tests/api/v1/test_design_brief.py::test_create_and_get_design_brief_chat
ERROR tests/api/v1/test_design_brief.py::test_sync_brief_chat_to_canvas
======================== 2 warnings, 2 errors in 0.78s ========================
